Watching for changes in D:/大学/my-blog/archetypes, D:/大学/my-blog/assets, D:/大学/my-blog/content/posts, D:/大学/my-blog/data, D:/大学/my-blog/i18n, D:/大学/my-blog/layouts, D:/大学/my-blog/static, D:/大学/my-blog/themes/DoIt/archetypes, D:/大学/my-blog/themes/DoIt/assets/{css,data,images,js,lib,...}, D:/大学/my-blog/themes/DoIt/i18n, ... and 3 more
Watching for config changes in D:\大学\my-blog\hugo.toml
Start building sites … 
hugo v0.160.1-d6bc8165e62b29d7d70ede01ed01d0f88de327e6+extended windows/amd64 BuildDate=2026-04-08T14:02:42Z VendorInfo=gohugoio


                  │ ZH - CN 
──────────────────┼─────────
 Pages            │      12 
 Paginator pages  │       0 
 Non-page files   │       0 
 Static files     │      68 
 Processed images │       0 
 Aliases          │       1 
 Cleaned          │       0 

Built in 83 ms
Environment: "development"
Serving pages from disk
Running in Fast Render Mode. For full rebuilds on change: hugo server --disableFastRender
Web Server is available at http://localhost:1313/ (bind address 127.0.0.1) 
Press Ctrl+C to stop

Change detected, rebuilding site (#1).
2026-04-27 18:19:09.388 +0800
Source changed /about.md
Source changed /posts/hello-world.md
Web Server is available at http://localhost:1313/ (bind address 127.0.0.1)
Total in 35 ms
